<?xml version="1.0" encoding="UTF-8"?>
<!-- Generated by org.testng.reporters.JUnitReportReporter -->
<testsuite hostname="DESKTOP-45HB7T1" failures="0" tests="1" name="com.Test.VerifyHomePageTest" time="7.809" errors="0" timestamp="2022-09-21T12:07:41 IST" skipped="0">
  <testcase classname="com.Test.VerifyHomePageTest" name="verify_TC_001_loginwithvalidcredential" time="7.809"/>
  <system-out/>
</testsuite> <!-- com.Test.VerifyHomePageTest -->
