<?xml version="1.0" encoding="UTF-8"?>
<!-- Generated by org.testng.reporters.JUnitReportReporter -->
<testsuite hostname="DESKTOP-45HB7T1" failures="0" tests="2" name="com.Test.VerrifyLoginTest" time="17.162" errors="0" timestamp="2022-09-21T11:17:04 IST" skipped="0">
  <testcase classname="com.Test.VerrifyLoginTest" name="verify_TC_001_loginwithvalidcredential" time="9.233"/>
  <system-out/>
  <testcase classname="com.Test.VerrifyLoginTest" name="verify_TC_001_loginwithvalidcredential" time="7.929"/>
  <system-out/>
</testsuite> <!-- com.Test.VerrifyLoginTest -->
